# JRE version: Java(TM) SE Runtime Environment (19.0.2+7) (build 19.0.2+7-44)
# Java VM: Java HotSpot(TM) 64-Bit Server VM (19.0.2+7-44, mixed mode, sharing, tiered, compressed oops, compressed class ptrs, g1 gc, windows-amd64)
GC Precious Log:
 CardTable entry size: 512
 Card Set container configuration: InlinePtr #cards 4 size 8 Array Of Cards #cards 16 size 48 Howl #buckets 8 coarsen threshold 3686 Howl Bitmap #cards 512 size 80 coarsen threshold 460 Card regions per heap region 1 cards per card region 4096
 CPUs: 8 total, 8 available
 Memory: 16179M
 Large Page Support: Disabled
 NUMA Support: Disabled
 Compressed Oops: Enabled (Zero based)
 Heap Region Size: 2M
 Heap Min Capacity: 8M
 Heap Initial Capacity: 254M
 Heap Max Capacity: 4046M
 Pre-touch: Disabled
 Parallel Workers: 8
 Concurrent Workers: 2
 Concurrent Refinement Workers: 8
 Periodic GC: Disabled
Heap:
 garbage-first heap   total 294912K, used 176115K [0x0000000703200000, 0x0000000800000000)
  region size 2048K, 4 young (8192K), 1 survivors (2048K)
 Metaspace       used 21221K, committed 21696K, reserved 1114112K
  class space    used 2947K, committed 3200K, reserved 1048576K
GC Heap History (20 events):
Event: 13.392 GC heap before
{Heap before GC invocations=15 (full 0):
 garbage-first heap   total 260096K, used 148328K [0x0000000703200000, 0x0000000800000000)
  region size 2048K, 3 young (6144K), 2 survivors (4096K)
 Metaspace       used 20593K, committed 20992K, reserved 1114112K
  class space    used 2911K, committed 3136K, reserved 1048576K
}
Event: 13.393 GC heap after
{Heap after GC invocations=16 (full 0):
 garbage-first heap   total 260096K, used 148328K [0x0000000703200000, 0x0000000800000000)
  region size 2048K, 2 young (4096K), 2 survivors (4096K)
 Metaspace       used 20593K, committed 20992K, reserved 1114112K
  class space    used 2911K, committed 3136K, reserved 1048576K
}
Event: 13.421 GC heap before
{Heap before GC invocations=17 (full 0):
 garbage-first heap   total 260096K, used 150376K [0x0000000703200000, 0x0000000800000000)
  region size 2048K, 3 young (6144K), 2 survivors (4096K)
 Metaspace       used 20593K, committed 20992K, reserved 1114112K
  class space    used 2911K, committed 3136K, reserved 1048576K
}
Event: 13.423 GC heap after
{Heap after GC invocations=18 (full 0):
 garbage-first heap   total 260096K, used 150249K [0x0000000703200000, 0x0000000800000000)
  region size 2048K, 2 young (4096K), 2 survivors (4096K)
 Metaspace       used 20593K, committed 20992K, reserved 1114112K
  class space    used 2911K, committed 3136K, reserved 1048576K
}
Event: 13.447 GC heap before
{Heap before GC invocations=19 (full 0):
 garbage-first heap   total 260096K, used 152297K [0x0000000703200000, 0x0000000800000000)
  region size 2048K, 3 young (6144K), 2 survivors (4096K)
 Metaspace       used 20593K, committed 20992K, reserved 1114112K
  class space    used 2911K, committed 3136K, reserved 1048576K
}
Event: 13.449 GC heap after
{Heap after GC invocations=20 (full 0):
 garbage-first heap   total 260096K, used 152306K [0x0000000703200000, 0x0000000800000000)
  region size 2048K, 2 young (4096K), 2 survivors (4096K)
 Metaspace       used 20593K, committed 20992K, reserved 1114112K
  class space    used 2911K, committed 3136K, reserved 1048576K
}
Event: 13.473 GC heap before
{Heap before GC invocations=21 (full 0):
 garbage-first heap   total 264192K, used 154354K [0x0000000703200000, 0x0000000800000000)
  region size 2048K, 3 young (6144K), 2 survivors (4096K)
 Metaspace       used 20593K, committed 20992K, reserved 1114112K
  class space    used 2911K, committed 3136K, reserved 1048576K
}
Event: 13.477 GC heap after
{Heap after GC invocations=22 (full 0):
 garbage-first heap   total 264192K, used 154409K [0x0000000703200000, 0x0000000800000000)
  region size 2048K, 2 young (4096K), 2 survivors (4096K)
 Metaspace       used 20593K, committed 20992K, reserved 1114112K
  class space    used 2911K, committed 3136K, reserved 1048576K
}
Event: 13.498 GC heap before
{Heap before GC invocations=23 (full 0):
 garbage-first heap   total 266240K, used 156457K [0x0000000703200000, 0x0000000800000000)
  region size 2048K, 3 young (6144K), 2 survivors (4096K)
 Metaspace       used 20593K, committed 20992K, reserved 1114112K
  class space    used 2911K, committed 3136K, reserved 1048576K
}
Event: 13.502 GC heap after
{Heap after GC invocations=24 (full 0):
 garbage-first heap   total 266240K, used 156521K [0x0000000703200000, 0x0000000800000000)
  region size 2048K, 2 young (4096K), 2 survivors (4096K)
 Metaspace       used 20593K, committed 20992K, reserved 1114112K
  class space    used 2911K, committed 3136K, reserved 1048576K
}
Event: 13.533 GC heap before
{Heap before GC invocations=25 (full 0):
 garbage-first heap   total 270336K, used 158569K [0x0000000703200000, 0x0000000800000000)
  region size 2048K, 3 young (6144K), 2 survivors (4096K)
 Metaspace       used 20593K, committed 20992K, reserved 1114112K
  class space    used 2911K, committed 3136K, reserved 1048576K
}
Event: 13.538 GC heap after
{Heap after GC invocations=26 (full 0):
 garbage-first heap   total 270336K, used 158517K [0x0000000703200000, 0x0000000800000000)
  region size 2048K, 2 young (4096K), 2 survivors (4096K)
 Metaspace       used 20593K, committed 20992K, reserved 1114112K
  class space    used 2911K, committed 3136K, reserved 1048576K
}
Event: 13.576 GC heap before
{Heap before GC invocations=27 (full 0):
 garbage-first heap   total 270336K, used 160565K [0x0000000703200000, 0x0000000800000000)
  region size 2048K, 3 young (6144K), 2 survivors (4096K)
 Metaspace       used 20593K, committed 20992K, reserved 1114112K
  class space    used 2911K, committed 3136K, reserved 1048576K
}
Event: 13.577 GC heap after
{Heap after GC invocations=28 (full 0):
 garbage-first heap   total 270336K, used 160564K [0x0000000703200000, 0x0000000800000000)
  region size 2048K, 2 young (4096K), 2 survivors (4096K)
 Metaspace       used 20593K, committed 20992K, reserved 1114112K
  class space    used 2911K, committed 3136K, reserved 1048576K
}
Event: 13.600 GC heap before
{Heap before GC invocations=29 (full 0):
 garbage-first heap   total 276480K, used 162612K [0x0000000703200000, 0x0000000800000000)
  region size 2048K, 3 young (6144K), 2 survivors (4096K)
 Metaspace       used 20593K, committed 20992K, reserved 1114112K
  class space    used 2911K, committed 3136K, reserved 1048576K
}
Event: 13.603 GC heap after
{Heap after GC invocations=30 (full 0):
 garbage-first heap   total 276480K, used 162541K [0x0000000703200000, 0x0000000800000000)
  region size 2048K, 2 young (4096K), 2 survivors (4096K)
 Metaspace       used 20593K, committed 20992K, reserved 1114112K
  class space    used 2911K, committed 3136K, reserved 1048576K
}
Event: 13.631 GC heap before
{Heap before GC invocations=31 (full 0):
 garbage-first heap   total 280576K, used 164589K [0x0000000703200000, 0x0000000800000000)
  region size 2048K, 3 young (6144K), 2 survivors (4096K)
 Metaspace       used 20593K, committed 20992K, reserved 1114112K
  class space    used 2911K, committed 3136K, reserved 1048576K
}
Event: 13.633 GC heap after
{Heap after GC invocations=32 (full 0):
 garbage-first heap   total 280576K, used 165090K [0x0000000703200000, 0x0000000800000000)
  region size 2048K, 1 young (2048K), 1 survivors (2048K)
 Metaspace       used 20593K, committed 20992K, reserved 1114112K
  class space    used 2911K, committed 3136K, reserved 1048576K
}
Event: 26.320 GC heap before
{Heap before GC invocations=33 (full 0):
 garbage-first heap   total 294912K, used 177378K [0x0000000703200000, 0x0000000800000000)
  region size 2048K, 5 young (10240K), 1 survivors (2048K)
 Metaspace       used 21156K, committed 21632K, reserved 1114112K
  class space    used 2944K, committed 3200K, reserved 1048576K
}
Event: 26.323 GC heap after
{Heap after GC invocations=34 (full 0):
 garbage-first heap   total 294912K, used 172019K [0x0000000703200000, 0x0000000800000000)
  region size 2048K, 1 young (2048K), 1 survivors (2048K)
 Metaspace       used 21156K, committed 21632K, reserved 1114112K
  class space    used 2944K, committed 3200K, reserved 1048576K
}

