# JRE version: Java(TM) SE Runtime Environment (19.0.2+7) (build 19.0.2+7-44)
# Java VM: Java HotSpot(TM) 64-Bit Server VM (19.0.2+7-44, mixed mode, sharing, tiered, compressed oops, compressed class ptrs, g1 gc, windows-amd64)
GC Precious Log:
 CardTable entry size: 512
 Card Set container configuration: InlinePtr #cards 4 size 8 Array Of Cards #cards 16 size 48 Howl #buckets 8 coarsen threshold 3686 Howl Bitmap #cards 512 size 80 coarsen threshold 460 Card regions per heap region 1 cards per card region 4096
 CPUs: 8 total, 8 available
 Memory: 16179M
 Large Page Support: Disabled
 NUMA Support: Disabled
 Compressed Oops: Enabled (Zero based)
 Heap Region Size: 2M
 Heap Min Capacity: 8M
 Heap Initial Capacity: 254M
 Heap Max Capacity: 4046M
 Pre-touch: Disabled
 Parallel Workers: 8
 Concurrent Workers: 2
 Concurrent Refinement Workers: 8
 Periodic GC: Disabled
Heap:
 garbage-first heap   total 618496K, used 195348K [0x0000000703200000, 0x0000000800000000)
  region size 2048K, 9 young (18432K), 2 survivors (4096K)
 Metaspace       used 21298K, committed 21760K, reserved 1114112K
  class space    used 2967K, committed 3200K, reserved 1048576K
GC Heap History (20 events):
Event: 4.772 GC heap before
{Heap before GC invocations=3 (full 0):
 garbage-first heap   total 260096K, used 138144K [0x0000000703200000, 0x0000000800000000)
  region size 2048K, 6 young (12288K), 4 survivors (8192K)
 Metaspace       used 20048K, committed 20544K, reserved 1114112K
  class space    used 2886K, committed 3136K, reserved 1048576K
}
Event: 4.775 GC heap after
{Heap after GC invocations=4 (full 0):
 garbage-first heap   total 260096K, used 136051K [0x0000000703200000, 0x0000000800000000)
  region size 2048K, 4 young (8192K), 4 survivors (8192K)
 Metaspace       used 20048K, committed 20544K, reserved 1114112K
  class space    used 2886K, committed 3136K, reserved 1048576K
}
Event: 4.794 GC heap before
{Heap before GC invocations=5 (full 0):
 garbage-first heap   total 260096K, used 138099K [0x0000000703200000, 0x0000000800000000)
  region size 2048K, 5 young (10240K), 4 survivors (8192K)
 Metaspace       used 20048K, committed 20544K, reserved 1114112K
  class space    used 2886K, committed 3136K, reserved 1048576K
}
Event: 4.798 GC heap after
{Heap after GC invocations=6 (full 0):
 garbage-first heap   total 260096K, used 138310K [0x0000000703200000, 0x0000000800000000)
  region size 2048K, 2 young (4096K), 2 survivors (4096K)
 Metaspace       used 20048K, committed 20544K, reserved 1114112K
  class space    used 2886K, committed 3136K, reserved 1048576K
}
Event: 4.816 GC heap before
{Heap before GC invocations=7 (full 0):
 garbage-first heap   total 260096K, used 140358K [0x0000000703200000, 0x0000000800000000)
  region size 2048K, 3 young (6144K), 2 survivors (4096K)
 Metaspace       used 20048K, committed 20544K, reserved 1114112K
  class space    used 2886K, committed 3136K, reserved 1048576K
}
Event: 4.818 GC heap after
{Heap after GC invocations=8 (full 0):
 garbage-first heap   total 260096K, used 140025K [0x0000000703200000, 0x0000000800000000)
  region size 2048K, 2 young (4096K), 2 survivors (4096K)
 Metaspace       used 20048K, committed 20544K, reserved 1114112K
  class space    used 2886K, committed 3136K, reserved 1048576K
}
Event: 4.835 GC heap before
{Heap before GC invocations=9 (full 0):
 garbage-first heap   total 260096K, used 142073K [0x0000000703200000, 0x0000000800000000)
  region size 2048K, 3 young (6144K), 2 survivors (4096K)
 Metaspace       used 20048K, committed 20544K, reserved 1114112K
  class space    used 2886K, committed 3136K, reserved 1048576K
}
Event: 4.837 GC heap after
{Heap after GC invocations=10 (full 0):
 garbage-first heap   total 260096K, used 142103K [0x0000000703200000, 0x0000000800000000)
  region size 2048K, 2 young (4096K), 2 survivors (4096K)
 Metaspace       used 20048K, committed 20544K, reserved 1114112K
  class space    used 2886K, committed 3136K, reserved 1048576K
}
Event: 4.856 GC heap before
{Heap before GC invocations=11 (full 0):
 garbage-first heap   total 260096K, used 144151K [0x0000000703200000, 0x0000000800000000)
  region size 2048K, 3 young (6144K), 2 survivors (4096K)
 Metaspace       used 20048K, committed 20544K, reserved 1114112K
  class space    used 2886K, committed 3136K, reserved 1048576K
}
Event: 4.858 GC heap after
{Heap after GC invocations=12 (full 0):
 garbage-first heap   total 260096K, used 144041K [0x0000000703200000, 0x0000000800000000)
  region size 2048K, 2 young (4096K), 2 survivors (4096K)
 Metaspace       used 20048K, committed 20544K, reserved 1114112K
  class space    used 2886K, committed 3136K, reserved 1048576K
}
Event: 4.876 GC heap before
{Heap before GC invocations=13 (full 0):
 garbage-first heap   total 260096K, used 146089K [0x0000000703200000, 0x0000000800000000)
  region size 2048K, 3 young (6144K), 2 survivors (4096K)
 Metaspace       used 20048K, committed 20544K, reserved 1114112K
  class space    used 2886K, committed 3136K, reserved 1048576K
}
Event: 4.878 GC heap after
{Heap after GC invocations=14 (full 0):
 garbage-first heap   total 356352K, used 146078K [0x0000000703200000, 0x0000000800000000)
  region size 2048K, 2 young (4096K), 2 survivors (4096K)
 Metaspace       used 20048K, committed 20544K, reserved 1114112K
  class space    used 2886K, committed 3136K, reserved 1048576K
}
Event: 5.011 GC heap before
{Heap before GC invocations=14 (full 0):
 garbage-first heap   total 356352K, used 160414K [0x0000000703200000, 0x0000000800000000)
  region size 2048K, 3 young (6144K), 2 survivors (4096K)
 Metaspace       used 20048K, committed 20544K, reserved 1114112K
  class space    used 2886K, committed 3136K, reserved 1048576K
}
Event: 5.014 GC heap after
{Heap after GC invocations=15 (full 0):
 garbage-first heap   total 356352K, used 160525K [0x0000000703200000, 0x0000000800000000)
  region size 2048K, 2 young (4096K), 2 survivors (4096K)
 Metaspace       used 20048K, committed 20544K, reserved 1114112K
  class space    used 2886K, committed 3136K, reserved 1048576K
}
Event: 5.036 GC heap before
{Heap before GC invocations=15 (full 0):
 garbage-first heap   total 356352K, used 162573K [0x0000000703200000, 0x0000000800000000)
  region size 2048K, 3 young (6144K), 2 survivors (4096K)
 Metaspace       used 20048K, committed 20544K, reserved 1114112K
  class space    used 2886K, committed 3136K, reserved 1048576K
}
Event: 5.040 GC heap after
{Heap after GC invocations=16 (full 0):
 garbage-first heap   total 356352K, used 162577K [0x0000000703200000, 0x0000000800000000)
  region size 2048K, 2 young (4096K), 2 survivors (4096K)
 Metaspace       used 20048K, committed 20544K, reserved 1114112K
  class space    used 2886K, committed 3136K, reserved 1048576K
}
Event: 5.062 GC heap before
{Heap before GC invocations=17 (full 0):
 garbage-first heap   total 356352K, used 164625K [0x0000000703200000, 0x0000000800000000)
  region size 2048K, 3 young (6144K), 2 survivors (4096K)
 Metaspace       used 20048K, committed 20544K, reserved 1114112K
  class space    used 2886K, committed 3136K, reserved 1048576K
}
Event: 5.065 GC heap after
{Heap after GC invocations=18 (full 0):
 garbage-first heap   total 356352K, used 164684K [0x0000000703200000, 0x0000000800000000)
  region size 2048K, 2 young (4096K), 2 survivors (4096K)
 Metaspace       used 20048K, committed 20544K, reserved 1114112K
  class space    used 2886K, committed 3136K, reserved 1048576K
}
Event: 5.086 GC heap before
{Heap before GC invocations=19 (full 0):
 garbage-first heap   total 356352K, used 166732K [0x0000000703200000, 0x0000000800000000)
  region size 2048K, 3 young (6144K), 2 survivors (4096K)
 Metaspace       used 20048K, committed 20544K, reserved 1114112K
  class space    used 2886K, committed 3136K, reserved 1048576K
}
Event: 5.090 GC heap after
{Heap after GC invocations=20 (full 0):
 garbage-first heap   total 618496K, used 166676K [0x0000000703200000, 0x0000000800000000)
  region size 2048K, 2 young (4096K), 2 survivors (4096K)
 Metaspace       used 20048K, committed 20544K, reserved 1114112K
  class space    used 2886K, committed 3136K, reserved 1048576K
}

